2020.09.24 23:52:30 INFO  started: Metals version 0.9.4 in workspace '/home/developer/VSCODE/scala-project' for client vscode.
2020.09.24 23:52:34 INFO  time: initialize in 3.89s
2020.09.24 23:52:39 INFO  running '/usr/lib/jvm/java-11-openjdk-amd64/bin/java -Djline.terminal=jline.UnsupportedTerminal -Dsbt.log.noformat=true -Dfile.encoding=UTF-8 -jar /tmp/metals6850165448403282788/sbt-launch.jar -Dbloop.export-jar-classifiers=sources bloopInstall'
2020.09.24 23:52:40 INFO  skipping build import with status 'Started'
2020.09.24 23:52:40 ERROR Picked up _JAVA_OPTIONS: -Dawt.useSystemAAFontSettings=on -Dswing.aatext=true
Sep 24, 2020 11:52:48 PM org.eclipse.lsp4j.jsonrpc.services.GenericEndpoint notify
INFO: Unsupported notification method: $/setTraceNotification
2020.09.24 23:52:54 INFO  [info] welcome to sbt 1.3.13 (Debian Java 11.0.8)
2020.09.24 23:53:05 INFO  [info] loading settings for project scala-project-build-build-build from metals.sbt ...
2020.09.24 23:53:08 INFO  [info] loading project definition from /home/developer/VSCODE/scala-project/project/project/project
2020.09.24 23:53:19 INFO  [warn] There may be incompatibilities among your library dependencies; run 'evicted' to see detailed eviction warnings.
2020.09.24 23:53:25 INFO  [info] loading settings for project scala-project-build-build from metals.sbt ...
2020.09.24 23:53:25 INFO  [info] loading project definition from /home/developer/VSCODE/scala-project/project/project
2020.09.24 23:53:30 INFO  [warn] There may be incompatibilities among your library dependencies; run 'evicted' to see detailed eviction warnings.
2020.09.24 23:53:33 INFO  [success] Generated .bloop/scala-project-build-build.json
2020.09.24 23:53:33 INFO  [success] Total time: 7 s, completed Sep 24, 2020, 11:53:33 PM
2020.09.24 23:53:37 INFO  [info] loading settings for project scala-project-build from metals.sbt,plugins.sbt ...
2020.09.24 23:53:37 INFO  [info] loading project definition from /home/developer/VSCODE/scala-project/project
2020.09.24 23:54:14 INFO  [warn] There may be incompatibilities among your library dependencies; run 'evicted' to see detailed eviction warnings.
2020.09.24 23:54:14 INFO  [success] Generated .bloop/scala-project-build.json
2020.09.24 23:54:16 INFO  [success] Total time: 38 s, completed Sep 24, 2020, 11:54:16 PM
2020.09.24 23:54:26 INFO  [info] loading settings for project root from build.sbt ...
2020.09.24 23:54:26 INFO  [info] set current project to scala-project (in build file:/home/developer/VSCODE/scala-project/)
2020.09.24 23:55:16 INFO  no build target: using presentation compiler with only scala-library
2020.09.24 23:55:16 WARN  no build target for: /home/developer/VSCODE/scala-project/app/controllers/HomeController.scala
2020.09.24 23:56:46 INFO  [warn] There may be incompatibilities among your library dependencies; run 'evicted' to see detailed eviction warnings.
2020.09.24 23:57:22 INFO  [warn] There may be incompatibilities among your library dependencies; run 'evicted' to see detailed eviction warnings.
2020.09.24 23:57:22 INFO  [success] Generated .bloop/root.json
2020.09.24 23:57:22 INFO  [success] Generated .bloop/root-test.json
2020.09.24 23:57:22 INFO  [success] Total time: 173 s (02:53), completed Sep 24, 2020, 11:57:23 PM
2020.09.24 23:57:23 INFO  build tool exit: 0
2020.09.24 23:57:23 INFO  time: ran 'sbt bloopInstall' in 4m43s
Starting the bsp launcher for bloop...
Opening a bsp server connection with 'bsp --protocol local --socket /tmp/bsp-launcher11944378557286385703/bsp.socket'...
Waiting for the bsp connection to come up...
[0m[32m[D][0m Loading 2 projects from '/home/developer/VSCODE/scala-project/.bloop'...
[0m[32m[D][0m Loading project from '/home/developer/VSCODE/scala-project/.bloop/root.json'
[0m[32m[D][0m Cache miss for scala instance org.scala-lang:scala-compiler:2.13.3.
[0m[32m[D][0m   => /home/developer/.cache/coursier/v1/https/repo1.maven.org/maven2/net/java/dev/jna/jna/5.3.1/jna-5.3.1.jar
[0m[32m[D][0m   => /home/developer/.cache/coursier/v1/https/repo1.maven.org/maven2/org/jline/jline/3.15.0/jline-3.15.0.jar
[0m[32m[D][0m   => /home/developer/.cache/coursier/v1/https/repo1.maven.org/maven2/org/scala-lang/scala-compiler/2.13.3/scala-compiler-2.13.3.jar
[0m[32m[D][0m   => /home/developer/.cache/coursier/v1/https/repo1.maven.org/maven2/org/scala-lang/scala-library/2.13.3/scala-library-2.13.3.jar
[0m[32m[D][0m   => /home/developer/.cache/coursier/v1/https/repo1.maven.org/maven2/org/scala-lang/scala-reflect/2.13.3/scala-reflect-2.13.3.jar
[0m[32m[D][0m Loading project from '/home/developer/VSCODE/scala-project/.bloop/root-test.json'
[0m[32m[D][0m Missing analysis file for project 'root-test'
[0m[32m[D][0m Missing analysis file for project 'root'
[0m[32m[D][0m Waiting for a connection at local:///tmp/bsp-launcher11944378557286385703/bsp.socket...
The server is listening for incoming connections at local:///tmp/bsp-launcher11944378557286385703/bsp.socket...
Starting thread that pumps stdin and redirects it to the bsp server...
Starting thread that pumps server stdout and redirects it to the client stdout...
2020.09.24 23:57:24 INFO  tracing is disabled for protocol BSP, to enable tracing of incoming and outgoing JSON messages create an empty file at /home/developer/.cache/metals/bsp.trace.json
2020.09.24 23:57:29 ERROR Timeout waiting for 'build/initialize' response
2020.09.24 23:57:29 ERROR Failed to connect with build server, no functionality will work.
java.util.concurrent.TimeoutException
	at java.util.concurrent.CompletableFuture.timedGet(CompletableFuture.java:1886)
	at java.util.concurrent.CompletableFuture.get(CompletableFuture.java:2021)
	at scala.meta.internal.metals.BuildServerConnection$.initialize(BuildServerConnection.scala:317)
	at scala.meta.internal.metals.BuildServerConnection$.$anonfun$fromSockets$1(BuildServerConnection.scala:252)
	at scala.util.Success.$anonfun$map$1(Try.scala:255)
	at scala.util.Success.map(Try.scala:213)
	at scala.concurrent.Future.$anonfun$map$1(Future.scala:292)
	at scala.concurrent.impl.Promise.liftedTree1$1(Promise.scala:33)
	at scala.concurrent.impl.Promise.$anonfun$transform$1(Promise.scala:33)
	at scala.concurrent.impl.CallbackRunnable.run(Promise.scala:64)
	at java.util.concurrent.ThreadPoolExecutor.runWorker(ThreadPoolExecutor.java:1128)
	at java.util.concurrent.ThreadPoolExecutor$Worker.run(ThreadPoolExecutor.java:628)
	at java.lang.Thread.run(Thread.java:834)

2020.09.24 23:58:26 WARN  no build target for: /home/developer/VSCODE/scala-project/app/controllers/HomeController.scala
2020.09.25 00:01:45 WARN  no build target for: /home/developer/VSCODE/scala-project/app/controllers/HomeController.scala
2020.09.25 00:01:49 WARN  no build target for: /home/developer/VSCODE/scala-project/app/controllers/HomeController.scala
2020.09.25 00:01:55 WARN  no build target for: /home/developer/VSCODE/scala-project/app/controllers/HomeController.scala
2020.09.25 00:01:56 WARN  no build target for: /home/developer/VSCODE/scala-project/app/controllers/HomeController.scala
2020.09.25 00:01:58 WARN  no build target for: /home/developer/VSCODE/scala-project/app/controllers/HomeController.scala
2020.09.25 00:01:59 WARN  no build target for: /home/developer/VSCODE/scala-project/app/controllers/HomeController.scala
2020.09.25 00:02:04 WARN  no build target for: /home/developer/VSCODE/scala-project/app/controllers/HomeController.scala
2020.09.25 00:02:07 WARN  no build target for: /home/developer/VSCODE/scala-project/app/controllers/HomeController.scala
2020.09.25 00:02:10 WARN  no build target for: /home/developer/VSCODE/scala-project/app/controllers/HomeController.scala
2020.09.25 00:02:12 WARN  no build target for: /home/developer/VSCODE/scala-project/app/controllers/HomeController.scala
2020.09.25 00:02:15 WARN  no build target for: /home/developer/VSCODE/scala-project/app/controllers/HomeController.scala
2020.09.25 00:02:20 WARN  no build target for: /home/developer/VSCODE/scala-project/app/controllers/HomeController.scala
2020.09.25 00:02:21 WARN  no build target for: /home/developer/VSCODE/scala-project/app/controllers/HomeController.scala
2020.09.25 00:02:22 WARN  no build target for: /home/developer/VSCODE/scala-project/app/controllers/HomeController.scala
2020.09.25 00:02:25 WARN  no build target for: /home/developer/VSCODE/scala-project/app/controllers/HomeController.scala
2020.09.25 00:02:34 WARN  no build target for: /home/developer/VSCODE/scala-project/app/controllers/HomeController.scala
2020.09.25 00:02:35 WARN  no build target for: /home/developer/VSCODE/scala-project/app/controllers/HomeController.scala
2020.09.25 00:02:37 WARN  no build target for: /home/developer/VSCODE/scala-project/app/controllers/HomeController.scala
2020.09.25 00:05:09 WARN  no build target for: /home/developer/VSCODE/scala-project/app/controllers/HomeController.scala
2020.09.25 00:05:11 WARN  no build target for: /home/developer/VSCODE/scala-project/app/controllers/HomeController.scala
2020.09.25 00:05:15 WARN  no build target for: /home/developer/VSCODE/scala-project/app/controllers/HomeController.scala
2020.09.25 00:06:07 WARN  no build target for: /home/developer/VSCODE/scala-project/app/controllers/HomeController.scala
2020.09.25 00:06:09 WARN  no build target for: /home/developer/VSCODE/scala-project/app/controllers/HomeController.scala
2020.09.25 00:06:11 WARN  no build target for: /home/developer/VSCODE/scala-project/app/controllers/HomeController.scala
2020.09.25 00:06:12 WARN  no build target for: /home/developer/VSCODE/scala-project/app/controllers/HomeController.scala
2020.09.25 00:06:14 WARN  no build target for: /home/developer/VSCODE/scala-project/app/controllers/HomeController.scala
2020.09.25 00:06:16 WARN  no build target for: /home/developer/VSCODE/scala-project/app/controllers/HomeController.scala
2020.09.25 00:06:17 WARN  no build target for: /home/developer/VSCODE/scala-project/app/controllers/HomeController.scala
2020.09.25 00:06:45 WARN  no build target for: /home/developer/VSCODE/scala-project/app/controllers/HomeController.scala
2020.09.25 00:06:49 WARN  no build target for: /home/developer/VSCODE/scala-project/app/controllers/HomeController.scala
2020.09.25 00:06:52 WARN  no build target for: /home/developer/VSCODE/scala-project/app/controllers/HomeController.scala
2020.09.25 00:06:54 WARN  no build target for: /home/developer/VSCODE/scala-project/app/controllers/HomeController.scala
2020.09.25 00:06:56 WARN  no build target for: /home/developer/VSCODE/scala-project/app/controllers/HomeController.scala
2020.09.25 00:07:01 WARN  no build target for: /home/developer/VSCODE/scala-project/app/controllers/HomeController.scala
2020.09.25 00:07:04 WARN  no build target for: /home/developer/VSCODE/scala-project/app/controllers/HomeController.scala
2020.09.25 00:07:06 WARN  no build target for: /home/developer/VSCODE/scala-project/app/controllers/HomeController.scala
2020.09.25 00:07:12 WARN  no build target for: /home/developer/VSCODE/scala-project/app/controllers/HomeController.scala
2020.09.25 00:07:19 WARN  no build target for: /home/developer/VSCODE/scala-project/app/controllers/HomeController.scala
2020.09.25 00:07:25 WARN  no build target for: /home/developer/VSCODE/scala-project/app/controllers/HomeController.scala
2020.09.25 00:07:26 WARN  no build target for: /home/developer/VSCODE/scala-project/app/controllers/HomeController.scala
2020.09.25 00:07:31 WARN  no build target for: /home/developer/VSCODE/scala-project/app/controllers/HomeController.scala
2020.09.25 00:07:33 WARN  no build target for: /home/developer/VSCODE/scala-project/app/controllers/HomeController.scala
2020.09.25 00:07:35 WARN  no build target for: /home/developer/VSCODE/scala-project/app/controllers/HomeController.scala
2020.09.25 00:07:37 WARN  no build target for: /home/developer/VSCODE/scala-project/app/controllers/HomeController.scala
2020.09.25 00:07:39 WARN  no build target for: /home/developer/VSCODE/scala-project/app/controllers/HomeController.scala
2020.09.25 00:07:40 WARN  no build target for: /home/developer/VSCODE/scala-project/app/controllers/HomeController.scala
2020.09.25 00:07:44 WARN  no build target for: /home/developer/VSCODE/scala-project/app/controllers/HomeController.scala
2020.09.25 00:07:46 WARN  no build target for: /home/developer/VSCODE/scala-project/app/controllers/HomeController.scala
2020.09.25 00:07:47 WARN  no build target for: /home/developer/VSCODE/scala-project/app/controllers/HomeController.scala
2020.09.25 00:07:50 WARN  no build target for: /home/developer/VSCODE/scala-project/app/controllers/HomeController.scala
2020.09.25 00:07:54 WARN  no build target for: /home/developer/VSCODE/scala-project/app/controllers/HomeController.scala
2020.09.25 00:07:55 WARN  no build target for: /home/developer/VSCODE/scala-project/app/controllers/HomeController.scala
2020.09.25 00:07:57 WARN  no build target for: /home/developer/VSCODE/scala-project/app/controllers/HomeController.scala
2020.09.25 00:08:00 WARN  no build target for: /home/developer/VSCODE/scala-project/app/controllers/HomeController.scala
2020.09.25 00:09:28 WARN  no build target for: /home/developer/VSCODE/scala-project/app/controllers/HomeController.scala
2020.09.25 00:09:30 WARN  no build target for: /home/developer/VSCODE/scala-project/app/controllers/HomeController.scala
2020.09.25 00:09:33 WARN  no build target for: /home/developer/VSCODE/scala-project/app/controllers/HomeController.scala
2020.09.25 00:09:46 WARN  no build target for: /home/developer/VSCODE/scala-project/app/controllers/HomeController.scala
2020.09.25 00:11:49 WARN  no build target for: /home/developer/VSCODE/scala-project/app/controllers/HomeController.scala
2020.09.25 00:12:07 WARN  no build target for: /home/developer/VSCODE/scala-project/app/controllers/HomeController.scala
2020.09.25 00:12:08 WARN  no build target for: /home/developer/VSCODE/scala-project/app/controllers/HomeController.scala
2020.09.25 00:12:12 WARN  no build target for: /home/developer/VSCODE/scala-project/app/controllers/HomeController.scala
2020.09.25 00:12:16 WARN  no build target for: /home/developer/VSCODE/scala-project/app/controllers/HomeController.scala
2020.09.25 00:12:19 WARN  no build target for: /home/developer/VSCODE/scala-project/app/controllers/HomeController.scala
2020.09.25 00:12:52 WARN  code navigation does not work for the file '/home/developer/VSCODE/scala-project/app/controllers/HomeController.scala' because it doesn't belong to a build target.
2020.09.25 00:14:26 WARN  no build target for: /home/developer/VSCODE/scala-project/app/controllers/HomeController.scala
2020.09.25 00:14:28 WARN  no build target for: /home/developer/VSCODE/scala-project/app/controllers/HomeController.scala
2020.09.25 00:14:33 WARN  no build target for: /home/developer/VSCODE/scala-project/app/controllers/HomeController.scala
2020.09.25 00:14:35 WARN  no build target for: /home/developer/VSCODE/scala-project/app/controllers/HomeController.scala
2020.09.25 00:14:40 WARN  no build target for: /home/developer/VSCODE/scala-project/app/controllers/HomeController.scala
2020.09.25 00:14:41 WARN  no build target for: /home/developer/VSCODE/scala-project/app/controllers/HomeController.scala
2020.09.25 00:14:45 WARN  no build target for: /home/developer/VSCODE/scala-project/app/controllers/HomeController.scala
2020.09.25 00:14:50 WARN  no build target for: /home/developer/VSCODE/scala-project/app/controllers/HomeController.scala
2020.09.25 00:14:52 WARN  no build target for: /home/developer/VSCODE/scala-project/app/controllers/HomeController.scala
2020.09.25 00:14:53 WARN  no build target for: /home/developer/VSCODE/scala-project/app/controllers/HomeController.scala
2020.09.25 00:14:57 WARN  no build target for: /home/developer/VSCODE/scala-project/app/controllers/HomeController.scala
2020.09.25 00:14:59 WARN  no build target for: /home/developer/VSCODE/scala-project/app/controllers/HomeController.scala
2020.09.25 00:15:03 WARN  no build target for: /home/developer/VSCODE/scala-project/app/controllers/HomeController.scala
2020.09.25 00:15:06 WARN  no build target for: /home/developer/VSCODE/scala-project/app/controllers/HomeController.scala
2020.09.25 00:15:08 WARN  no build target for: /home/developer/VSCODE/scala-project/app/controllers/HomeController.scala
2020.09.25 00:15:10 WARN  no build target for: /home/developer/VSCODE/scala-project/app/controllers/HomeController.scala
2020.09.25 00:15:13 WARN  no build target for: /home/developer/VSCODE/scala-project/app/controllers/HomeController.scala
2020.09.25 00:15:23 WARN  no build target for: /home/developer/VSCODE/scala-project/app/controllers/HomeController.scala
2020.09.25 00:15:24 WARN  no build target for: /home/developer/VSCODE/scala-project/app/controllers/HomeController.scala
2020.09.25 00:15:26 WARN  no build target for: /home/developer/VSCODE/scala-project/app/controllers/HomeController.scala
2020.09.25 00:15:31 WARN  no build target for: /home/developer/VSCODE/scala-project/app/controllers/HomeController.scala
2020.09.25 00:15:33 WARN  no build target for: /home/developer/VSCODE/scala-project/app/controllers/HomeController.scala
2020.09.25 00:15:37 WARN  no build target for: /home/developer/VSCODE/scala-project/app/controllers/HomeController.scala
2020.09.25 00:15:38 WARN  no build target for: /home/developer/VSCODE/scala-project/app/controllers/HomeController.scala
2020.09.25 00:15:39 WARN  no build target for: /home/developer/VSCODE/scala-project/app/controllers/HomeController.scala
2020.09.25 00:15:55 WARN  no build target for: /home/developer/VSCODE/scala-project/app/controllers/HomeController.scala
2020.09.25 00:15:57 WARN  no build target for: /home/developer/VSCODE/scala-project/app/controllers/HomeController.scala
2020.09.25 00:16:04 WARN  no build target for: /home/developer/VSCODE/scala-project/app/controllers/HomeController.scala
2020.09.25 00:16:07 WARN  no build target for: /home/developer/VSCODE/scala-project/app/controllers/HomeController.scala
2020.09.25 00:18:04 WARN  no build target for: /home/developer/VSCODE/scala-project/app/controllers/HomeController.scala
2020.09.25 00:18:08 WARN  no build target for: /home/developer/VSCODE/scala-project/app/controllers/HomeController.scala
2020.09.25 00:18:10 WARN  no build target for: /home/developer/VSCODE/scala-project/app/controllers/HomeController.scala
2020.09.25 00:18:13 WARN  no build target for: /home/developer/VSCODE/scala-project/app/controllers/HomeController.scala
2020.09.25 00:18:16 WARN  no build target for: /home/developer/VSCODE/scala-project/app/controllers/HomeController.scala
2020.09.25 00:18:20 WARN  no build target for: /home/developer/VSCODE/scala-project/app/controllers/HomeController.scala
2020.09.25 00:18:21 WARN  no build target for: /home/developer/VSCODE/scala-project/app/controllers/HomeController.scala
2020.09.25 00:18:26 WARN  no build target for: /home/developer/VSCODE/scala-project/app/controllers/HomeController.scala
2020.09.25 00:18:28 WARN  no build target for: /home/developer/VSCODE/scala-project/app/controllers/HomeController.scala
2020.09.25 00:18:32 WARN  no build target for: /home/developer/VSCODE/scala-project/app/controllers/HomeController.scala
2020.09.25 00:18:35 WARN  no build target for: /home/developer/VSCODE/scala-project/app/controllers/HomeController.scala
2020.09.25 00:18:37 WARN  no build target for: /home/developer/VSCODE/scala-project/app/controllers/HomeController.scala
2020.09.25 00:18:39 WARN  no build target for: /home/developer/VSCODE/scala-project/app/controllers/HomeController.scala
2020.09.25 00:18:43 WARN  no build target for: /home/developer/VSCODE/scala-project/app/controllers/HomeController.scala
2020.09.25 00:18:44 WARN  no build target for: /home/developer/VSCODE/scala-project/app/controllers/HomeController.scala
2020.09.25 00:18:47 WARN  no build target for: /home/developer/VSCODE/scala-project/app/controllers/HomeController.scala
2020.09.25 00:18:48 WARN  no build target for: /home/developer/VSCODE/scala-project/app/controllers/HomeController.scala
2020.09.25 00:18:50 WARN  no build target for: /home/developer/VSCODE/scala-project/app/controllers/HomeController.scala
2020.09.25 00:18:51 WARN  no build target for: /home/developer/VSCODE/scala-project/app/controllers/HomeController.scala
2020.09.25 00:18:53 WARN  no build target for: /home/developer/VSCODE/scala-project/app/controllers/HomeController.scala
2020.09.25 00:18:55 WARN  no build target for: /home/developer/VSCODE/scala-project/app/controllers/HomeController.scala
2020.09.25 00:18:57 WARN  no build target for: /home/developer/VSCODE/scala-project/app/controllers/HomeController.scala
2020.09.25 00:18:59 WARN  no build target for: /home/developer/VSCODE/scala-project/app/controllers/HomeController.scala
2020.09.25 00:19:01 WARN  no build target for: /home/developer/VSCODE/scala-project/app/controllers/HomeController.scala
2020.09.25 00:19:04 WARN  no build target for: /home/developer/VSCODE/scala-project/app/controllers/HomeController.scala
2020.09.25 00:19:06 WARN  no build target for: /home/developer/VSCODE/scala-project/app/controllers/HomeController.scala
2020.09.25 00:19:09 WARN  no build target for: /home/developer/VSCODE/scala-project/app/controllers/HomeController.scala
2020.09.25 00:19:11 WARN  no build target for: /home/developer/VSCODE/scala-project/app/controllers/HomeController.scala
Sep 25, 2020 12:19:18 AM org.eclipse.lsp4j.jsonrpc.RemoteEndpoint handleCancellation
WARNING: Unmatched cancel notification for request id 1029
2020.09.25 00:19:20 WARN  no build target for: /home/developer/VSCODE/scala-project/app/controllers/HomeController.scala
2020.09.25 00:19:22 WARN  no build target for: /home/developer/VSCODE/scala-project/app/controllers/HomeController.scala
2020.09.25 00:19:29 WARN  no build target for: /home/developer/VSCODE/scala-project/app/controllers/HomeController.scala
2020.09.25 00:19:31 WARN  no build target for: /home/developer/VSCODE/scala-project/app/controllers/HomeController.scala
2020.09.25 00:19:33 WARN  no build target for: /home/developer/VSCODE/scala-project/app/controllers/HomeController.scala
2020.09.25 00:19:36 WARN  no build target for: /home/developer/VSCODE/scala-project/app/controllers/HomeController.scala
2020.09.25 00:19:38 WARN  no build target for: /home/developer/VSCODE/scala-project/app/controllers/HomeController.scala
2020.09.25 00:19:39 WARN  no build target for: /home/developer/VSCODE/scala-project/app/controllers/HomeController.scala
2020.09.25 00:19:41 WARN  no build target for: /home/developer/VSCODE/scala-project/app/controllers/HomeController.scala
2020.09.25 00:19:44 WARN  no build target for: /home/developer/VSCODE/scala-project/app/controllers/HomeController.scala
2020.09.25 00:19:46 WARN  no build target for: /home/developer/VSCODE/scala-project/app/controllers/HomeController.scala
2020.09.25 00:19:48 WARN  no build target for: /home/developer/VSCODE/scala-project/app/controllers/HomeController.scala
2020.09.25 00:19:50 WARN  no build target for: /home/developer/VSCODE/scala-project/app/controllers/HomeController.scala
2020.09.25 00:19:52 WARN  no build target for: /home/developer/VSCODE/scala-project/app/controllers/HomeController.scala
2020.09.25 00:19:55 WARN  no build target for: /home/developer/VSCODE/scala-project/app/controllers/HomeController.scala
2020.09.25 00:19:56 WARN  no build target for: /home/developer/VSCODE/scala-project/app/controllers/HomeController.scala
2020.09.25 00:27:16 WARN  no build target for: /home/developer/VSCODE/scala-project/app/controllers/HomeController.scala
2020.09.25 00:27:27 WARN  no build target for: /home/developer/VSCODE/scala-project/app/controllers/HomeController.scala
2020.09.25 00:27:33 WARN  no build target for: /home/developer/VSCODE/scala-project/app/controllers/HomeController.scala
2020.09.25 00:27:34 WARN  no build target for: /home/developer/VSCODE/scala-project/app/controllers/HomeController.scala
2020.09.25 00:27:36 WARN  no build target for: /home/developer/VSCODE/scala-project/app/controllers/HomeController.scala
2020.09.25 00:27:44 WARN  no build target for: /home/developer/VSCODE/scala-project/app/controllers/HomeController.scala
2020.09.25 00:27:46 WARN  no build target for: /home/developer/VSCODE/scala-project/app/controllers/HomeController.scala
2020.09.25 00:35:13 WARN  no build target for: /home/developer/VSCODE/scala-project/app/controllers/HomeController.scala
2020.09.25 00:35:16 WARN  no build target for: /home/developer/VSCODE/scala-project/app/controllers/HomeController.scala
2020.09.25 00:35:18 WARN  no build target for: /home/developer/VSCODE/scala-project/app/controllers/HomeController.scala
2020.09.25 00:35:19 WARN  no build target for: /home/developer/VSCODE/scala-project/app/controllers/HomeController.scala
2020.09.25 00:35:21 WARN  no build target for: /home/developer/VSCODE/scala-project/app/controllers/HomeController.scala
2020.09.25 00:35:23 WARN  no build target for: /home/developer/VSCODE/scala-project/app/controllers/HomeController.scala
2020.09.25 00:35:26 WARN  no build target for: /home/developer/VSCODE/scala-project/app/controllers/HomeController.scala
2020.09.25 00:35:28 WARN  no build target for: /home/developer/VSCODE/scala-project/app/controllers/HomeController.scala
2020.09.25 00:35:30 WARN  no build target for: /home/developer/VSCODE/scala-project/app/controllers/HomeController.scala
2020.09.25 00:35:38 WARN  no build target for: /home/developer/VSCODE/scala-project/app/controllers/HomeController.scala
2020.09.25 00:35:45 WARN  no build target for: /home/developer/VSCODE/scala-project/app/controllers/HomeController.scala
2020.09.25 00:35:50 WARN  no build target for: /home/developer/VSCODE/scala-project/app/controllers/HomeController.scala
